  Camera.cpp
  Mesh.cpp
  Shader.cpp
  Application.cpp
C:\dev\Puppet\OpenGL\Dependencies\Window.h(17,36): warning C4244: 'return': conversión de 'GLint' a 'GLfloat'; posible pérdida de datos
C:\dev\Puppet\OpenGL\Dependencies\Window.h(18,37): warning C4244: 'return': conversión de 'GLint' a 'GLfloat'; posible pérdida de datos
C:\dev\Puppet\OpenGL\OpenGL\src\Application.cpp(30,34): warning C4244: 'inicializando': conversión de 'double' a 'float'; posible pérdida de datos
C:\dev\Puppet\OpenGL\OpenGL\src\Application.cpp(30,23): warning C4244: 'inicializando': conversión de 'double' a 'const float'; posible pérdida de datos
C:\dev\Puppet\OpenGL\OpenGL\src\Application.cpp(31,22): warning C4244: 'inicializando': conversión de 'double' a 'float'; posible pérdida de datos
C:\dev\Puppet\OpenGL\OpenGL\src\Application.cpp(31,16): warning C4244: 'inicializando': conversión de 'double' a 'const float'; posible pérdida de datos
C:\dev\Puppet\OpenGL\OpenGL\src\Application.cpp(180,15): warning C4244: 'inicializando': conversión de 'double' a 'GLfloat'; posible pérdida de datos
C:\dev\Puppet\OpenGL\OpenGL\src\Application.cpp(419,33): warning C4305: 'inicializando': truncamiento de 'double' a 'float'
C:\dev\Puppet\OpenGL\OpenGL\src\Application.cpp(434,32): warning C4305: 'inicializando': truncamiento de 'double' a 'float'
C:\dev\Puppet\OpenGL\OpenGL\src\Application.cpp(448,31): warning C4305: 'inicializando': truncamiento de 'double' a 'float'
C:\dev\Puppet\OpenGL\OpenGL\src\Application.cpp(449,30): warning C4305: 'inicializando': truncamiento de 'double' a 'float'
C:\dev\Puppet\OpenGL\OpenGL\src\Application.cpp(463,35): warning C4305: 'inicializando': truncamiento de 'double' a 'float'
C:\dev\Puppet\OpenGL\OpenGL\src\Application.cpp(478,34): warning C4305: 'inicializando': truncamiento de 'double' a 'float'
C:\dev\Puppet\OpenGL\OpenGL\src\Application.cpp(492,33): warning C4305: 'inicializando': truncamiento de 'double' a 'float'
C:\dev\Puppet\OpenGL\OpenGL\src\Application.cpp(493,32): warning C4305: 'inicializando': truncamiento de 'double' a 'float'
  imgui.cpp
  imgui_demo.cpp
  imgui_draw.cpp
  imgui_impl_glfw_gl3.cpp
  Texture.cpp
  Window.cpp
C:\dev\Puppet\OpenGL\OpenGL\Window.h(17,36): warning C4244: 'return': conversión de 'GLint' a 'GLfloat'; posible pérdida de datos
C:\dev\Puppet\OpenGL\OpenGL\Window.h(18,37): warning C4244: 'return': conversión de 'GLint' a 'GLfloat'; posible pérdida de datos
C:\dev\Puppet\OpenGL\OpenGL\Window.cpp(140,22): warning C4244: '=': conversión de 'double' a 'GLfloat'; posible pérdida de datos
C:\dev\Puppet\OpenGL\OpenGL\Window.cpp(141,22): warning C4244: '=': conversión de 'double' a 'GLfloat'; posible pérdida de datos
C:\dev\Puppet\OpenGL\OpenGL\Window.cpp(145,28): warning C4244: '=': conversión de 'double' a 'GLfloat'; posible pérdida de datos
C:\dev\Puppet\OpenGL\OpenGL\Window.cpp(146,40): warning C4244: '=': conversión de 'double' a 'GLfloat'; posible pérdida de datos
C:\dev\Puppet\OpenGL\OpenGL\Window.cpp(148,21): warning C4244: '=': conversión de 'double' a 'GLfloat'; posible pérdida de datos
C:\dev\Puppet\OpenGL\OpenGL\Window.cpp(149,21): warning C4244: '=': conversión de 'double' a 'GLfloat'; posible pérdida de datos
  Generando código...
C:\dev\Puppet\OpenGL\OpenGL\Window.cpp(83): warning C4715: 'Window::Initialize': no todas las rutas de acceso de control devuelven un valor
LINK : warning LNK4098: la biblioteca predeterminada'LIBCMT' entra en conflicto con otras bibliotecas; use la biblioteca /NODEFAULTLIB:biblioteca
LINK : warning LNK4098: la biblioteca predeterminada'MSVCRT' entra en conflicto con otras bibliotecas; use la biblioteca /NODEFAULTLIB:biblioteca
glew32s.lib(glew.obj) : warning LNK4099: no se encontró PDB 'vc120.pdb' con 'glew32s.lib(glew.obj)' o en 'C:\dev\Puppet\OpenGL\Debug\vc120.pdb'; se vinculará el objeto sin tener en cuenta información de depuración
  OpenGL.vcxproj -> C:\dev\Puppet\OpenGL\Debug\OpenGL.exe
